{"D:\\workspace\\nodejs\\NodeTypescriptTemplate\\src\\index.ts": {"path":"D:\\workspace\\nodejs\\NodeTypescriptTemplate\\src\\index.ts","statementMap":{"0":{"start":{"line":1,"column":13},"end":{"line":1,"column":52}},"1":{"start":{"line":1,"column":47},"end":{"line":1,"column":52}},"2":{"start":{"line":3,"column":0},"end":{"line":3,"column":20}}},"fnMap":{"0":{"name":"(anonymous_0)","decl":{"start":{"line":1,"column":13},"end":{"line":1,"column":14}},"loc":{"start":{"line":1,"column":47},"end":{"line":1,"column":52}}}},"branchMap":{},"s":{"0":0,"1":0,"2":0},"f":{"0":0},"b":{}}
,"D:\\workspace\\nodejs\\NodeTypescriptTemplate\\src\\calc\\index.ts": {"path":"D:\\workspace\\nodejs\\NodeTypescriptTemplate\\src\\calc\\index.ts","statementMap":{"0":{"start":{"line":1,"column":13},"end":{"line":1,"column":52}},"1":{"start":{"line":1,"column":47},"end":{"line":1,"column":52}},"2":{"start":{"line":3,"column":0},"end":{"line":3,"column":20}}},"fnMap":{"0":{"name":"(anonymous_0)","decl":{"start":{"line":1,"column":13},"end":{"line":1,"column":14}},"loc":{"start":{"line":1,"column":47},"end":{"line":1,"column":52}}}},"branchMap":{},"s":{"0":1,"1":1,"2":1},"f":{"0":1},"b":{}}
}
